<?xml version="1.0" encoding="UTF-8"?>
<!-- Generated by org.testng.reporters.JUnitReportReporter -->
<testsuite hostname="LAPTOP-BL99EMON" failures="0" tests="1" name="week2.day2.CreateIncidentFromFile" time="9.927" errors="0" timestamp="2021-12-17T00:32:36 IST" skipped="0">
  <testcase classname="week2.day2.CreateIncidentFromFile" name="createIncident" time="9.927"/>
  <system-out/>
</testsuite> <!-- week2.day2.CreateIncidentFromFile -->
