<?xml version="1.0" encoding="UTF-8"?>
<!-- Generated by org.testng.reporters.JUnitReportReporter -->
<testsuite skipped="0" hostname="LAPTOP-BL99EMON" name="week5.day1.LearnWiremockRecording" tests="1" failures="0" timestamp="2022-01-07T11:53:17 IST" time="151.304" errors="0">
  <testcase name="createIncidentWithoutBody" time="151.304" classname="week5.day1.LearnWiremockRecording"/>
  <system-out/>
</testsuite> <!-- week5.day1.LearnWiremockRecording -->
