<?xml version="1.0" encoding="UTF-8"?>
<!-- Generated by org.testng.reporters.JUnitReportReporter -->
<testsuite skipped="0" hostname="LAPTOP-BL99EMON" name="week5.day1.LearnTemp" tests="1" failures="0" timestamp="2022-01-07T15:12:15 IST" time="4.983" errors="0">
  <testcase name="createIncidentWithoutBody" time="4.983" classname="week5.day1.LearnTemp"/>
  <system-out/>
</testsuite> <!-- week5.day1.LearnTemp -->
