<?xml version="1.0" encoding="UTF-8"?>
<!-- Generated by org.testng.reporters.JUnitReportReporter -->
<testsuite hostname="LAPTOP-BL99EMON" failures="0" tests="1" name="week2.day2.DeleteAnIssue" time="5.130" errors="0" timestamp="2021-12-17T12:50:56 IST" skipped="0">
  <testcase classname="week2.day2.DeleteAnIssue" name="deleteAnIssue" time="5.130"/>
  <system-out/>
</testsuite> <!-- week2.day2.DeleteAnIssue -->
