<?xml version="1.0" encoding="UTF-8"?>
<!-- Generated by org.testng.reporters.JUnitReportReporter -->
<testsuite hostname="LAPTOP-BL99EMON" failures="0" tests="1" name="week2.day2.CreateIssue" time="6.847" errors="0" timestamp="2021-12-17T12:35:03 IST" skipped="0">
  <testcase classname="week2.day2.CreateIssue" name="createIssue" time="6.847"/>
  <system-out/>
</testsuite> <!-- week2.day2.CreateIssue -->
