<?xml version="1.0" encoding="UTF-8"?>
<!-- Generated by org.testng.reporters.JUnitReportReporter -->
<testsuite skipped="0" hostname="LAPTOP-BL99EMON" name="week5.day1.LearnWiremockRecordingGetAllJira" tests="1" failures="0" timestamp="2022-01-07T15:07:58 IST" time="8.742" errors="0">
  <testcase name="createIncidentWithoutBody" time="8.742" classname="week5.day1.LearnWiremockRecordingGetAllJira"/>
  <system-out/>
</testsuite> <!-- week5.day1.LearnWiremockRecordingGetAllJira -->
