<?xml version="1.0" encoding="UTF-8"?>
<!-- Generated by org.testng.reporters.JUnitReportReporter -->
<testsuite hostname="LAPTOP-BL99EMON" failures="0" tests="3" name="cucumber.run.RunCucumber" time="19.710" errors="0" timestamp="2021-12-22T23:27:53 IST" skipped="0">
  <testcase classname="cucumber.run.RunCucumber" name="runScenario" time="5.417"/>
  <system-out/>
  <testcase classname="cucumber.run.RunCucumber" name="runScenario" time="9.239"/>
  <system-out/>
  <testcase classname="cucumber.run.RunCucumber" name="runScenario" time="5.054"/>
  <system-out/>
</testsuite> <!-- cucumber.run.RunCucumber -->
