<?xml version="1.0" encoding="UTF-8"?>
<!-- Generated by org.testng.reporters.JUnitReportReporter -->
<testsuite hostname="LAPTOP-BL99EMON" failures="0" tests="3" name="cucmbers.run.RunCucumbers" time="8.220" errors="0" timestamp="2021-12-22T23:46:12 IST" skipped="0">
  <testcase classname="cucmbers.run.RunCucumbers" name="runScenario" time="0.815"/>
  <system-out/>
  <testcase classname="cucmbers.run.RunCucumbers" name="runScenario" time="6.073"/>
  <system-out/>
  <testcase classname="cucmbers.run.RunCucumbers" name="runScenario" time="1.332"/>
  <system-out/>
</testsuite> <!-- cucmbers.run.RunCucumbers -->
