<?xml version="1.0" encoding="UTF-8"?>
<!-- Generated by org.testng.reporters.JUnitReportReporter -->
<testsuite hostname="LAPTOP-BL99EMON" failures="0" tests="1" name="week3.day1.DeleteIncident" time="6.928" errors="0" timestamp="2021-12-20T22:42:52 IST" skipped="0">
  <testcase classname="week3.day1.DeleteIncident" name="deleteIncident" time="6.928"/>
  <system-out/>
</testsuite> <!-- week3.day1.DeleteIncident -->
