<?xml version="1.0" encoding="UTF-8"?>
<!-- Generated by org.testng.reporters.JUnitReportReporter -->
<testsuite hostname="LAPTOP-BL99EMON" failures="0" tests="1" name="week2.day2.GetAllIssues" time="5.770" errors="0" timestamp="2021-12-17T12:44:13 IST" skipped="0">
  <testcase classname="week2.day2.GetAllIssues" name="getAllIssues" time="5.770"/>
  <system-out/>
</testsuite> <!-- week2.day2.GetAllIssues -->
