<?xml version="1.0" encoding="UTF-8"?>
<!-- Generated by org.testng.reporters.JUnitReportReporter -->
<testsuite skipped="0" hostname="LAPTOP-BL99EMON" name="week5.day1.LearnWiremockRecordingGetAll" tests="1" failures="0" timestamp="2022-01-07T14:38:03 IST" time="7.471" errors="0">
  <testcase name="createIncidentWithoutBody" time="7.471" classname="week5.day1.LearnWiremockRecordingGetAll"/>
  <system-out/>
</testsuite> <!-- week5.day1.LearnWiremockRecordingGetAll -->
