<?xml version="1.0" encoding="UTF-8"?>
<!-- Generated by org.testng.reporters.JUnitReportReporter -->
<testsuite hostname="LAPTOP-BL99EMON" failures="0" tests="4" name="week3.day1.ChainingRequests" time="10.705" errors="0" timestamp="2021-12-19T00:00:06 IST" skipped="0">
  <testcase classname="week3.day1.ChainingRequests" name="createIssues" time="1.297"/>
  <system-out/>
  <testcase classname="week3.day1.ChainingRequests" name="createIssues" time="7.485"/>
  <system-out/>
  <testcase classname="week3.day1.ChainingRequests" name="deleteAnIssue" time="1.050"/>
  <system-out/>
  <testcase classname="week3.day1.ChainingRequests" name="updateAnIssue" time="0.873"/>
  <system-out/>
</testsuite> <!-- week3.day1.ChainingRequests -->
