<?xml version="1.0" encoding="UTF-8"?>
<!-- Generated by org.testng.reporters.JUnitReportReporter -->
<testsuite skipped="0" hostname="LAPTOP-BL99EMON" name="week5.day1.LearnStub" tests="1" failures="0" timestamp="2022-01-07T10:58:02 IST" time="52.229" errors="0">
  <testcase name="createIncidentWithoutBody" time="52.229" classname="week5.day1.LearnStub"/>
  <system-out/>
</testsuite> <!-- week5.day1.LearnStub -->
