<?xml version="1.0" encoding="UTF-8"?>
<!-- Generated by org.testng.reporters.JUnitReportReporter -->
<testsuite skipped="0" hostname="LAPTOP-BL99EMON" name="week5.day1.LearnStubXMLBody" tests="1" failures="0" timestamp="2022-01-07T14:33:59 IST" time="5.272" errors="0">
  <testcase name="createIncidentWithoutBody" time="5.272" classname="week5.day1.LearnStubXMLBody"/>
  <system-out/>
</testsuite> <!-- week5.day1.LearnStubXMLBody -->
