<?xml version="1.0" encoding="UTF-8"?>
<!-- Generated by org.testng.reporters.JUnitReportReporter -->
<testsuite hostname="LAPTOP-BL99EMON" failures="0" tests="2" name="week3.day1.CreateIncidentWithBodyAsFile" time="15.429" errors="0" timestamp="2021-12-18T09:50:36 IST" skipped="0">
  <testcase classname="week3.day1.CreateIncidentWithBodyAsFile" name="createIncidents" time="3.859"/>
  <system-out/>
  <testcase classname="week3.day1.CreateIncidentWithBodyAsFile" name="createIncidents" time="11.570"/>
  <system-out/>
</testsuite> <!-- week3.day1.CreateIncidentWithBodyAsFile -->
