<?xml version="1.0" encoding="UTF-8"?>
<!-- Generated by org.testng.reporters.JUnitReportReporter -->
<testsuite hostname="LAPTOP-BL99EMON" failures="0" tests="2" name="week3.day1.UpdateIncidentWithBodyAsFile" time="16.065" errors="0" timestamp="2021-12-18T10:08:54 IST" skipped="0">
  <testcase classname="week3.day1.UpdateIncidentWithBodyAsFile" name="createIncidents" time="3.955"/>
  <system-out/>
  <testcase classname="week3.day1.UpdateIncidentWithBodyAsFile" name="createIncidents" time="12.110"/>
  <system-out/>
</testsuite> <!-- week3.day1.UpdateIncidentWithBodyAsFile -->
