<?xml version="1.0" encoding="UTF-8"?>
<!-- Generated by org.testng.reporters.JUnitReportReporter -->
<testsuite hostname="LAPTOP-BL99EMON" failures="0" tests="1" name="week3.day1.LearnSchemaValidate" time="12.260" errors="0" timestamp="2021-12-18T23:17:05 IST" skipped="0">
  <testcase classname="week3.day1.LearnSchemaValidate" name="createIncident" time="12.260"/>
  <system-out/>
</testsuite> <!-- week3.day1.LearnSchemaValidate -->
